2018-08-08 10:30:10.019  INFO 4576 --- [main] com.sql2.controller.UserControllerTest   : Starting UserControllerTest on 8B2KMVK5RZDNEY4 with PID 4576 (started by Administrator in E:\wbsql)
2018-08-08 10:30:10.062 DEBUG 4576 --- [main] com.sql2.controller.UserControllerTest   : Running with Spring Boot v2.0.3.RELEASE, Spring v5.0.7.RELEASE
2018-08-08 10:30:10.092  INFO 4576 --- [main] com.sql2.controller.UserControllerTest   : No active profile set, falling back to default profiles: default
2018-08-08 10:30:15.708  INFO 4576 --- [main] com.sql2.controller.UserControllerTest   : Started UserControllerTest in 7.616 seconds (JVM running for 12.177)
2018-08-08 10:30:16.087  INFO 4576 --- [main] com.sql2.controller.UserController       : wangbo10hello
2018-08-08 10:30:16.104  INFO 4576 --- [main] com.sql2.controller.UserController       : 文件内容
2018-08-08 10:30:16.185  INFO 4576 --- [main] com.sql2.controller.UserController       : id:100
2018-08-08 10:30:16.220  INFO 4576 --- [main] com.sql2.controller.UserController       : wangbo
2018-08-08 10:39:31.377  INFO 2888 --- [main] com.sql2.controller.UserControllerTest   : Starting UserControllerTest on 8B2KMVK5RZDNEY4 with PID 2888 (started by Administrator in E:\wbsql)
2018-08-08 10:39:31.380 DEBUG 2888 --- [main] com.sql2.controller.UserControllerTest   : Running with Spring Boot v2.0.3.RELEASE, Spring v5.0.7.RELEASE
2018-08-08 10:39:31.385  INFO 2888 --- [main] com.sql2.controller.UserControllerTest   : No active profile set, falling back to default profiles: default
2018-08-08 10:39:34.470  INFO 2888 --- [main] com.sql2.controller.UserControllerTest   : Started UserControllerTest in 4.104 seconds (JVM running for 6.999)
2018-08-08 10:39:34.657  INFO 2888 --- [main] com.sql2.controller.UserController       : wangbo10hello
2018-08-08 10:39:34.674  INFO 2888 --- [main] com.sql2.controller.UserController       : 文件内容
2018-08-08 10:39:34.711  INFO 2888 --- [main] com.sql2.controller.UserController       : id:100
2018-08-08 10:44:36.261  INFO 7908 --- [main] com.sql2.controller.UserControllerTest   : Starting UserControllerTest on 8B2KMVK5RZDNEY4 with PID 7908 (started by Administrator in E:\wbsql)
2018-08-08 10:44:36.266 DEBUG 7908 --- [main] com.sql2.controller.UserControllerTest   : Running with Spring Boot v2.0.3.RELEASE, Spring v5.0.7.RELEASE
2018-08-08 10:44:36.276  INFO 7908 --- [main] com.sql2.controller.UserControllerTest   : No active profile set, falling back to default profiles: default
2018-08-08 10:44:39.354  INFO 7908 --- [main] com.sql2.controller.UserControllerTest   : Started UserControllerTest in 4.503 seconds (JVM running for 6.888)
2018-08-08 10:44:39.531  INFO 7908 --- [main] com.sql2.controller.UserController       : wangbo10hello
2018-08-08 10:44:39.549  INFO 7908 --- [main] com.sql2.controller.UserController       : 文件内容
2018-08-08 10:44:39.584  INFO 7908 --- [main] com.sql2.controller.UserController       : id:100
2018-08-08 10:48:37.978  INFO 2440 --- [main] com.sql2.controller.UserControllerTest   : Starting UserControllerTest on 8B2KMVK5RZDNEY4 with PID 2440 (started by Administrator in E:\wbsql)
2018-08-08 10:48:37.981 DEBUG 2440 --- [main] com.sql2.controller.UserControllerTest   : Running with Spring Boot v2.0.3.RELEASE, Spring v5.0.7.RELEASE
2018-08-08 10:48:37.987  INFO 2440 --- [main] com.sql2.controller.UserControllerTest   : No active profile set, falling back to default profiles: default
2018-08-08 10:48:41.174  INFO 2440 --- [main] com.sql2.controller.UserControllerTest   : Started UserControllerTest in 4.284 seconds (JVM running for 6.525)
2018-08-08 10:48:41.335  INFO 2440 --- [main] com.sql2.controller.UserController       : wangbo10hello
2018-08-08 10:48:41.351  INFO 2440 --- [main] com.sql2.controller.UserController       : 文件内容
2018-08-08 10:48:41.377  INFO 2440 --- [main] com.sql2.controller.UserController       : id:100
2018-08-08 10:49:51.944  INFO 4560 --- [main] com.sql2.controller.UserControllerTest   : Starting UserControllerTest on 8B2KMVK5RZDNEY4 with PID 4560 (started by Administrator in E:\wbsql)
2018-08-08 10:49:51.946 DEBUG 4560 --- [main] com.sql2.controller.UserControllerTest   : Running with Spring Boot v2.0.3.RELEASE, Spring v5.0.7.RELEASE
2018-08-08 10:49:51.951  INFO 4560 --- [main] com.sql2.controller.UserControllerTest   : No active profile set, falling back to default profiles: default
2018-08-08 10:49:55.088  INFO 4560 --- [main] com.sql2.controller.UserControllerTest   : Started UserControllerTest in 4.41 seconds (JVM running for 6.66)
2018-08-08 10:49:55.298  INFO 4560 --- [main] com.sql2.controller.UserController       : wangbo10hello
2018-08-08 10:49:55.316  INFO 4560 --- [main] com.sql2.controller.UserController       : 文件内容
2018-08-08 10:49:55.344  INFO 4560 --- [main] com.sql2.controller.UserController       : id:100
2018-08-08 10:49:55.395  INFO 4560 --- [main] com.sql2.controller.UserController       : wangbo
2018-08-08 11:02:05.615  INFO 6440 --- [main] com.sql2.controller.UserControllerTest   : Starting UserControllerTest on 8B2KMVK5RZDNEY4 with PID 6440 (started by Administrator in E:\wbsql)
2018-08-08 11:02:05.618 DEBUG 6440 --- [main] com.sql2.controller.UserControllerTest   : Running with Spring Boot v2.0.3.RELEASE, Spring v5.0.7.RELEASE
2018-08-08 11:02:05.623  INFO 6440 --- [main] com.sql2.controller.UserControllerTest   : No active profile set, falling back to default profiles: default
2018-08-08 11:02:08.593  INFO 6440 --- [main] com.sql2.controller.UserControllerTest   : Started UserControllerTest in 4.346 seconds (JVM running for 6.614)
2018-08-08 11:02:08.765  INFO 6440 --- [main] com.sql2.controller.UserController       : wangbo10hello
2018-08-08 11:02:08.782  INFO 6440 --- [main] com.sql2.controller.UserController       : 文件内容
2018-08-08 11:02:08.817  INFO 6440 --- [main] com.sql2.controller.UserController       : id:100
2018-08-08 11:02:08.843  INFO 6440 --- [main] com.sql2.controller.UserController       : wangbo
2018-08-08 11:03:34.010  INFO 6540 --- [main] com.sql2.controller.UserControllerTest   : Starting UserControllerTest on 8B2KMVK5RZDNEY4 with PID 6540 (started by Administrator in E:\wbsql)
2018-08-08 11:03:34.012 DEBUG 6540 --- [main] com.sql2.controller.UserControllerTest   : Running with Spring Boot v2.0.3.RELEASE, Spring v5.0.7.RELEASE
2018-08-08 11:03:34.020  INFO 6540 --- [main] com.sql2.controller.UserControllerTest   : No active profile set, falling back to default profiles: default
2018-08-08 11:03:37.046  INFO 6540 --- [main] com.sql2.controller.UserControllerTest   : Started UserControllerTest in 4.217 seconds (JVM running for 6.638)
2018-08-08 11:03:37.223  INFO 6540 --- [main] com.sql2.controller.UserController       : wangbo10hello
2018-08-08 11:03:37.239  INFO 6540 --- [main] com.sql2.controller.UserController       : 文件内容
2018-08-08 11:03:37.275  INFO 6540 --- [main] com.sql2.controller.UserController       : id:100
2018-08-08 11:03:37.327  INFO 6540 --- [main] com.sql2.controller.UserController       : wangbo
2018-08-08 11:04:09.747  INFO 768 --- [main] com.sql2.controller.UserControllerTest   : Starting UserControllerTest on 8B2KMVK5RZDNEY4 with PID 768 (started by Administrator in E:\wbsql)
2018-08-08 11:04:09.749 DEBUG 768 --- [main] com.sql2.controller.UserControllerTest   : Running with Spring Boot v2.0.3.RELEASE, Spring v5.0.7.RELEASE
2018-08-08 11:04:09.753  INFO 768 --- [main] com.sql2.controller.UserControllerTest   : No active profile set, falling back to default profiles: default
2018-08-08 11:04:12.556  INFO 768 --- [main] com.sql2.controller.UserControllerTest   : Started UserControllerTest in 3.872 seconds (JVM running for 6.346)
2018-08-08 11:04:12.722  INFO 768 --- [main] com.sql2.controller.UserController       : wangbo10hello
2018-08-08 11:04:12.739  INFO 768 --- [main] com.sql2.controller.UserController       : 文件内容
2018-08-08 11:04:12.770  INFO 768 --- [main] com.sql2.controller.UserController       : id:100
2018-08-08 11:04:12.813  INFO 768 --- [main] com.sql2.controller.UserController       : wangbo
